Mono path[0] = '/home/alejandro/.local/share/Steam/steamapps/common/Valheim/valheim_Data/Managed'
Mono config path = '/home/alejandro/.local/share/Steam/steamapps/common/Valheim/valheim_Data/MonoBleedingEdge/etc'
Preloaded 'libsteam_api.so'
Display 0 '0': 1920x1080 (primary device).
Unable to load player prefs
Desktop is 1920 x 1080 @ 120 Hz
Initialize engine version: 2019.4.24f1 (5da6f0345e82)
[Subsystems] Discovering subsystems at path /home/alejandro/.local/share/Steam/steamapps/common/Valheim/valheim_Data/UnitySubsystems
Forcing GfxDevice: OpenGL Core
GfxDevice: creating device client; threaded=1
Renderer: NVIDIA GeForce GTX 1060/PCIe/SSE2
Vendor:   NVIDIA Corporation
Version:  4.5.0 NVIDIA 465.24.02
GLES:     0
 GL_AMD_multi_draw_indirect GL_AMD_seamless_cubemap_per_texture GL_AMD_vertex_shader_viewport_index GL_AMD_vertex_shader_layer GL_ARB_arrays_of_arrays GL_ARB_base_instance GL_ARB_bindless_texture GL_ARB_blend_func_extended GL_ARB_buffer_storage GL_ARB_clear_buffer_object GL_ARB_clear_texture GL_ARB_clip_control GL_ARB_color_buffer_float GL_ARB_compressed_texture_pixel_storage GL_ARB_conservative_depth GL_ARB_compute_shader GL_ARB_compute_variable_group_size GL_ARB_conditional_render_inverted GL_ARB_copy_buffer GL_ARB_copy_image GL_ARB_cull_distance GL_ARB_debug_output GL_ARB_depth_buffer_float GL_ARB_depth_clamp GL_ARB_depth_texture GL_ARB_derivative_control GL_ARB_direct_state_access GL_ARB_draw_buffers GL_ARB_draw_buffers_blend GL_ARB_draw_indirect GL_ARB_draw_elements_base_vertex GL_ARB_draw_instanced GL_ARB_enhanced_layouts GL_ARB_ES2_compatibility GL_ARB_ES3_compatibility GL_ARB_ES3_1_compatibility GL_ARB_ES3_2_compatibility GL_ARB_explicit_attrib_location GL_ARB_explicit_uniform_location GL_ARB_fragmen
t_coord_conventions GL_ARB_fragment_layer_viewport GL_ARB_fragment_program GL_ARB_fragment_program_shadow GL_ARB_fragment_shader GL_ARB_fragment_shader_interlock GL_ARB_framebuffer_no_attachments GL_ARB_framebuffer_object GL_ARB_framebuffer_sRGB GL_ARB_geometry_shader4 GL_ARB_get_program_binary GL_ARB_get_texture_sub_image GL_ARB_gl_spirv GL_ARB_gpu_shader5 GL_ARB_gpu_shader_fp64 GL_ARB_gpu_shader_int64 GL_ARB_half_float_pixel GL_ARB_half_float_vertex GL_ARB_imaging GL_ARB_indirect_parameters GL_ARB_instanced_arrays GL_ARB_internalformat_query GL_ARB_internalformat_query2 GL_ARB_invalidate_subdata GL_ARB_map_buffer_alignment GL_ARB_map_buffer_range GL_ARB_multi_bind GL_ARB_multi_draw_indirect GL_ARB_multisample GL_ARB_multitexture GL_ARB_occlusion_query GL_ARB_occlusion_query2 GL_ARB_parallel_shader_compile GL_ARB_pipeline_statistics_query GL_ARB_pixel_buffer_object GL_ARB_point_parameters GL_ARB_point_sprite GL_ARB_polygon_offset_clamp GL_ARB_post_depth_coverage GL_ARB_program_interface_query GL_ARB_provoki
ng_vertex GL_ARB_query_buffer_object GL_ARB_robust_buffer_access_behavior GL_ARB_robustness GL_ARB_sample_locations GL_ARB_sample_shading GL_ARB_sampler_objects GL_ARB_seamless_cube_map GL_ARB_seamless_cubemap_per_texture GL_ARB_separate_shader_objects GL_ARB_shader_atomic_counter_ops GL_ARB_shader_atomic_counters GL_ARB_shader_ballot GL_ARB_shader_bit_encoding GL_ARB_shader_clock GL_ARB_shader_draw_parameters GL_ARB_shader_group_vote GL_ARB_shader_image_load_store GL_ARB_shader_image_size GL_ARB_shader_objects GL_ARB_shader_precision GL_ARB_shader_storage_buffer_object GL_ARB_shader_subroutine GL_ARB_shader_texture_image_samples GL_ARB_shader_texture_lod GL_ARB_shading_language_100 GL_ARB_shader_viewport_layer_array GL_ARB_shading_language_420pack GL_ARB_shading_language_include GL_ARB_shading_language_packing GL_ARB_shadow GL_ARB_sparse_buffer GL_ARB_sparse_texture GL_ARB_sparse_texture2 GL_ARB_sparse_texture_clamp GL_ARB_spirv_extensions GL_ARB_stencil_texturing GL_ARB_sync GL_ARB_tessellation_shader GL_A
RB_texture_barrier GL_ARB_texture_border_clamp GL_ARB_texture_buffer_object GL_ARB_texture_buffer_object_rgb32 GL_ARB_texture_buffer_range GL_ARB_texture_compression GL_ARB_texture_compression_bptc GL_ARB_texture_compression_rgtc GL_ARB_texture_cube_map GL_ARB_texture_cube_map_array GL_ARB_texture_env_add GL_ARB_texture_env_combine GL_ARB_texture_env_crossbar GL_ARB_texture_env_dot3 GL_ARB_texture_filter_anisotropic GL_ARB_texture_filter_minmax GL_ARB_texture_float GL_ARB_texture_gather GL_ARB_texture_mirror_clamp_to_edge GL_ARB_texture_mirrored_repeat GL_ARB_texture_multisample GL_ARB_texture_non_power_of_two GL_ARB_texture_query_levels GL_ARB_texture_query_lod GL_ARB_texture_rectangle GL_ARB_texture_rg GL_ARB_texture_rgb10_a2ui GL_ARB_texture_stencil8 GL_ARB_texture_storage GL_ARB_texture_storage_multisample GL_ARB_texture_swizzle GL_ARB_texture_view GL_ARB_timer_query GL_ARB_transform_feedback2 GL_ARB_transform_feedback3 GL_ARB_transform_feedback_instanced GL_ARB_transform_feedback_overflow_query GL_ARB_t
ranspose_matrix GL_ARB_uniform_buffer_object GL_ARB_vertex_array_bgra GL_ARB_vertex_array_object GL_ARB_vertex_attrib_64bit GL_ARB_vertex_attrib_binding GL_ARB_vertex_buffer_object GL_ARB_vertex_program GL_ARB_vertex_shader GL_ARB_vertex_type_10f_11f_11f_rev GL_ARB_vertex_type_2_10_10_10_rev GL_ARB_viewport_array GL_ARB_window_pos GL_ATI_draw_buffers GL_ATI_texture_float GL_ATI_texture_mirror_once GL_S3_s3tc GL_EXT_texture_env_add GL_EXT_abgr GL_EXT_bgra GL_EXT_bindable_uniform GL_EXT_blend_color GL_EXT_blend_equation_separate GL_EXT_blend_func_separate GL_EXT_blend_minmax GL_EXT_blend_subtract GL_EXT_compiled_vertex_array GL_EXT_Cg_shader GL_EXT_depth_bounds_test GL_EXT_direct_state_access GL_EXT_draw_buffers2 GL_EXT_draw_instanced GL_EXT_draw_range_elements GL_EXT_fog_coord GL_EXT_framebuffer_blit GL_EXT_framebuffer_multisample GL_EXTX_framebuffer_mixed_formats GL_EXT_framebuffer_multisample_blit_scaled GL_EXT_framebuffer_object GL_EXT_framebuffer_sRGB GL_EXT_geometry_shader4 GL_EXT_gpu_program_parameters 
GL_EXT_gpu_shader4 GL_EXT_multi_draw_arrays GL_EXT_multiview_texture_multisample GL_EXT_multiview_timer_query GL_EXT_packed_depth_stencil GL_EXT_packed_float GL_EXT_packed_pixels GL_EXT_pixel_buffer_object GL_EXT_point_parameters GL_EXT_polygon_offset_clamp GL_EXT_post_depth_coverage GL_EXT_provoking_vertex GL_EXT_raster_multisample GL_EXT_rescale_normal GL_EXT_secondary_color GL_EXT_separate_shader_objects GL_EXT_separate_specular_color GL_EXT_shader_image_load_formatted GL_EXT_shader_image_load_store GL_EXT_shader_integer_mix GL_EXT_shadow_funcs GL_EXT_sparse_texture2 GL_EXT_stencil_two_side GL_EXT_stencil_wrap GL_EXT_texture3D GL_EXT_texture_array GL_EXT_texture_buffer_object GL_EXT_texture_compression_dxt1 GL_EXT_texture_compression_latc GL_EXT_texture_compression_rgtc GL_EXT_texture_compression_s3tc GL_EXT_texture_cube_map GL_EXT_texture_edge_clamp GL_EXT_texture_env_combine GL_EXT_texture_env_dot3 GL_EXT_texture_filter_anisotropic GL_EXT_texture_filter_minmax GL_EXT_texture_integer GL_EXT_texture_lod G
L_EXT_texture_lod_bias GL_EXT_texture_mirror_clamp GL_EXT_texture_object GL_EXT_texture_shadow_lod GL_EXT_texture_shared_exponent GL_EXT_texture_sRGB GL_EXT_texture_sRGB_R8 GL_EXT_texture_sRGB_decode GL_EXT_texture_storage GL_EXT_texture_swizzle GL_EXT_timer_query GL_EXT_transform_feedback2 GL_EXT_vertex_array GL_EXT_vertex_array_bgra GL_EXT_vertex_attrib_64bit GL_EXT_window_rectangles GL_EXT_import_sync_object GL_NV_robustness_video_memory_purge GL_IBM_rasterpos_clip GL_IBM_texture_mirrored_repeat GL_KHR_context_flush_control GL_KHR_debug GL_EXT_memory_object GL_EXT_memory_object_fd GL_NV_memory_object_sparse GL_KHR_parallel_shader_compile GL_KHR_no_error GL_KHR_robust_buffer_access_behavior GL_KHR_robustness GL_EXT_semaphore GL_EXT_semaphore_fd GL_NV_timeline_semaphore GL_KHR_shader_subgroup GL_KTX_buffer_region GL_NV_alpha_to_coverage_dither_control GL_NV_bindless_multi_draw_indirect GL_NV_bindless_multi_draw_indirect_count GL_NV_bindless_texture GL_NV_blend_equation_advanced GL_NV_blend_equation_advanced
_coherent GL_NVX_blend_equation_advanced_multi_draw_buffers GL_NV_blend_minmax_factor GL_NV_blend_square GL_NV_clip_space_w_scaling GL_NV_command_list GL_NV_compute_program5 GL_NV_conditional_render GL_NV_conservative_raster GL_NV_conservative_raster_dilate GL_NV_conservative_raster_pre_snap_triangles GL_NV_copy_depth_to_color GL_NV_copy_image GL_NV_depth_buffer_float GL_NV_depth_clamp GL_NV_draw_texture GL_NV_draw_vulkan_image GL_NV_ES1_1_compatibility GL_NV_ES3_1_compatibility GL_NV_explicit_multisample GL_NV_feature_query GL_NV_fence GL_NV_fill_rectangle GL_NV_float_buffer GL_NV_fog_distance GL_NV_fragment_coverage_to_color GL_NV_fragment_program GL_NV_fragment_program_option GL_NV_fragment_program2 GL_NV_fragment_shader_interlock GL_NV_framebuffer_mixed_samples GL_NV_framebuffer_multisample_coverage GL_NV_geometry_shader4 GL_NV_geometry_shader_passthrough GL_NV_gpu_program4 GL_NV_internalformat_sample_query GL_NV_gpu_program4_1 GL_NV_gpu_program5 GL_NV_gpu_program5_mem_extended GL_NV_gpu_program_fp64 GL_
NV_gpu_shader5 GL_NV_half_float GL_NV_light_max_exponent GL_NV_memory_attachment GL_NV_multisample_coverage GL_NV_multisample_filter_hint GL_NV_occlusion_query GL_NV_packed_depth_stencil GL_NV_parameter_buffer_object GL_NV_parameter_buffer_object2 GL_NV_path_rendering GL_NV_path_rendering_shared_edge GL_NV_pixel_data_range GL_NV_point_sprite GL_NV_primitive_restart GL_NV_query_resource GL_NV_query_resource_tag GL_NV_register_combiners GL_NV_register_combiners2 GL_NV_sample_locations GL_NV_sample_mask_override_coverage GL_NV_shader_atomic_counters GL_NV_shader_atomic_float GL_NV_shader_atomic_float64 GL_NV_shader_atomic_fp16_vector GL_NV_shader_atomic_int64 GL_NV_shader_buffer_load GL_NV_shader_storage_buffer_object GL_NV_shader_subgroup_partitioned GL_NV_stereo_view_rendering GL_NV_texgen_reflection GL_NV_texture_barrier GL_NV_texture_compression_vtc GL_NV_texture_env_combine4 GL_NV_texture_multisample GL_NV_texture_rectangle GL_NV_texture_rectangle_compressed GL_NV_texture_shader GL_NV_texture_shader2 GL_NV
_texture_shader3 GL_NV_transform_feedback GL_NV_transform_feedback2 GL_NV_uniform_buffer_unified_memory GL_NV_vdpau_interop GL_NV_vdpau_interop2 GL_NV_vertex_array_range GL_NV_vertex_array_range2 GL_NV_vertex_attrib_integer_64bit GL_NV_vertex_buffer_unified_memory GL_NV_vertex_program GL_NV_vertex_program1_1 GL_NV_vertex_program2 GL_NV_vertex_program2_option GL_NV_vertex_program3 GL_NV_viewport_array2 GL_NV_viewport_swizzle GL_NVX_conditional_render GL_NV_gpu_multicast GL_NVX_progress_fence GL_NVX_gpu_memory_info GL_NVX_nvenc_interop GL_NV_shader_thread_group GL_NV_shader_thread_shuffle GL_KHR_blend_equation_advanced GL_KHR_blend_equation_advanced_coherent GL_OVR_multiview GL_OVR_multiview2 GL_SGIS_generate_mipmap GL_SGIS_texture_lod GL_SGIX_depth_texture GL_SGIX_shadow GL_SUN_slice_accum
OPENGL LOG: Creating OpenGL 4.5 graphics device ; Context level  <OpenGL 4.5> ; Context handle 16621912
Begin MonoManager ReloadAssembly
- Completed reload, in  0.068 seconds
Default vsync count 1
requesting resize 1366 x 768
resizing window to 1366 x 768
Desktop is 1920 x 1080 @ 120 Hz
UnloadTime: 1.322188 ms
Desktop is 1920 x 1080 @ 120 Hz
05/14/2021 11:24:31: Starting to load scene:start
 
(Filename: ./Runtime/Export/Debug/Debug.bindings.h Line: 39)

Couldn't create a Convex Mesh from source mesh "default" within the maximum polygons limit (256). The partial hull will be used. Consider simplifying your mesh. 
(Filename:  Line: 91)

Unloading 6 Unused Serialized files (Serialized files now loaded: 0)
Setting up 4 worker threads for Enlighten.
  Thread -> id: 7fc0940e4640 -> priority: 1 
  Thread -> id: 7fc0938e3640 -> priority: 1 
  Thread -> id: 7fc091925640 -> priority: 1 
  Thread -> id: 7fc091124640 -> priority: 1 
UnloadTime: 5.319133 ms
Only custom filters can be played. Please add a custom filter or an audioclip to the audiosource (Amb_MainMenu). 
(Filename:  Line: 516)

05/14/2021 11:24:40: Valheim version:0.153.2
 
(Filename: ./Runtime/Export/Debug/Debug.bindings.h Line: 39)

05/14/2021 11:24:40: Render threading mode:MultiThreaded
 
(Filename: ./Runtime/Export/Debug/Debug.bindings.h Line: 39)

05/14/2021 11:24:40: Using environment steamid 892970
 
(Filename: ./Runtime/Export/Debug/Debug.bindings.h Line: 39)

05/14/2021 11:24:40: Using steam APPID:892970
 
(Filename: ./Runtime/Export/Debug/Debug.bindings.h Line: 39)

[S_API] SteamAPI_Init(): Loaded '/home/alejandro/.local/share/Steam/linux64/steamclient.so' OK.
Setting breakpad minidump AppID = 892970
SteamInternal_SetMinidumpSteamID:  Caching Steam ID:  76561198254935412 [API loaded no]
05/14/2021 11:24:40: Authentication:k_ESteamNetworkingAvailability_Attempting
 
(Filename: ./Runtime/Export/Debug/Debug.bindings.h Line: 39)

05/14/2021 11:24:40: Steam initialized, persona:dahko
 
(Filename: ./Runtime/Export/Debug/Debug.bindings.h Line: 39)

05/14/2021 11:24:40: Missing audio clip in music respawn
 
(Filename: ./Runtime/Export/Debug/Debug.bindings.h Line: 39)

05/14/2021 11:24:40: Checking for installed DLCs
 
(Filename: ./Runtime/Export/Debug/Debug.bindings.h Line: 39)

05/14/2021 11:24:40: DLC:beta installed:False
 
(Filename: ./Runtime/Export/Debug/Debug.bindings.h Line: 39)

05/14/2021 11:24:40: Builder started
 
(Filename: ./Runtime/Export/Debug/Debug.bindings.h Line: 39)

05/14/2021 11:24:41: Loaded localization CSV:localization language:English
 
(Filename: ./Runtime/Export/Debug/Debug.bindings.h Line: 39)

05/14/2021 11:24:41: Failed to load language file localization_extra
 
(Filename: ./Runtime/Export/Debug/Debug.bindings.h Line: 39)

requesting resize 1920 x 1080
resizing window to 1920 x 1080
Desktop is 1920 x 1080 @ 120 Hz

Unloading 16 unused Assets to reduce memory usage. Loaded Objects now: 87850.
Total: 42.135993 ms (FindLiveObjects: 2.801750 ms CreateObjectMapping: 7.425193 ms MarkObjects: 31.586988 ms  DeleteObjects: 0.321591 ms)

05/14/2021 11:24:45: UI Group status changed Menu = True
 
(Filename: ./Runtime/Export/Debug/Debug.bindings.h Line: 39)

05/14/2021 11:24:47: FOund selected Start game
 
(Filename: ./Runtime/Export/Debug/Debug.bindings.h Line: 39)

05/14/2021 11:24:47: show character selection
 
(Filename: ./Runtime/Export/Debug/Debug.bindings.h Line: 39)

05/14/2021 11:25:04: UI Group status changed SelectCharacter = False
 
(Filename: ./Runtime/Export/Debug/Debug.bindings.h Line: 39)

05/14/2021 11:25:05: Remove character
 
(Filename: ./Runtime/Export/Debug/Debug.bindings.h Line: 39)

05/14/2021 11:25:05: UI Group status changed SelectCharacter = True
 
(Filename: ./Runtime/Export/Debug/Debug.bindings.h Line: 39)

05/14/2021 11:25:08: UI Group status changed SelectCharacter = False
 
(Filename: ./Runtime/Export/Debug/Debug.bindings.h Line: 39)

05/14/2021 11:25:08: UI Group status changed RemoveCharacterDialog = True
 
(Filename: ./Runtime/Export/Debug/Debug.bindings.h Line: 39)

05/14/2021 11:25:09: Remove character
 
(Filename: ./Runtime/Export/Debug/Debug.bindings.h Line: 39)

05/14/2021 11:25:09: UI Group status changed SelectCharacter = True
 
(Filename: ./Runtime/Export/Debug/Debug.bindings.h Line: 39)

05/14/2021 11:25:10: OnCharacterStart
 
(Filename: ./Runtime/Export/Debug/Debug.bindings.h Line: 39)

05/14/2021 11:25:15: UI Group status changed Panel = False
 
(Filename: ./Runtime/Export/Debug/Debug.bindings.h Line: 39)

05/14/2021 11:25:16: UI Group status changed Panel = True
 
(Filename: ./Runtime/Export/Debug/Debug.bindings.h Line: 39)

05/14/2021 11:25:18: UI Group status changed Panel = False
 
(Filename: ./Runtime/Export/Debug/Debug.bindings.h Line: 39)

05/14/2021 11:25:18: UI Group status changed Dialog = True
 
(Filename: ./Runtime/Export/Debug/Debug.bindings.h Line: 39)

05/14/2021 11:25:18: UI Group status changed Panel = True
 
(Filename: ./Runtime/Export/Debug/Debug.bindings.h Line: 39)

05/14/2021 11:25:20: UI Group status changed Panel = False
 
(Filename: ./Runtime/Export/Debug/Debug.bindings.h Line: 39)

05/14/2021 11:25:20: UI Group status changed Dialog = True
 
(Filename: ./Runtime/Export/Debug/Debug.bindings.h Line: 39)

05/14/2021 11:25:21: UI Group status changed Panel = True
 
(Filename: ./Runtime/Export/Debug/Debug.bindings.h Line: 39)

05/14/2021 11:25:22: show character selection
 
(Filename: ./Runtime/Export/Debug/Debug.bindings.h Line: 39)

05/14/2021 11:25:22: UI Group status changed SelectCharacter = True
 
(Filename: ./Runtime/Export/Debug/Debug.bindings.h Line: 39)

05/14/2021 11:25:32: FOund selected Done
 
(Filename: ./Runtime/Export/Debug/Debug.bindings.h Line: 39)

05/14/2021 11:25:32: UI Group status changed SelectCharacter = True
 
(Filename: ./Runtime/Export/Debug/Debug.bindings.h Line: 39)

05/14/2021 11:26:00: OnCharacterStart
 
(Filename: ./Runtime/Export/Debug/Debug.bindings.h Line: 39)

05/14/2021 11:26:00: UI Group status changed Panel = True
 
(Filename: ./Runtime/Export/Debug/Debug.bindings.h Line: 39)

05/14/2021 11:26:03: UI Group status changed Panel = False
 
(Filename: ./Runtime/Export/Debug/Debug.bindings.h Line: 39)

05/14/2021 11:26:11: UI Group status changed Panel = True
 
(Filename: ./Runtime/Export/Debug/Debug.bindings.h Line: 39)

Unloading 6 Unused Serialized files (Serialized files now loaded: 0)
UnloadTime: 6.943624 ms
05/14/2021 11:26:15: Loading player profile alejandro
 
(Filename: ./Runtime/Export/Debug/Debug.bindings.h Line: 39)

05/14/2021 11:26:15: Zonesystem Awake 4439
 
(Filename: ./Runtime/Export/Debug/Debug.bindings.h Line: 39)

05/14/2021 11:26:15: DungeonDB Awake 4439
 
(Filename: ./Runtime/Export/Debug/Debug.bindings.h Line: 39)

05/14/2021 11:26:15: Steam initialized, persona:dahko
 
(Filename: ./Runtime/Export/Debug/Debug.bindings.h Line: 39)

05/14/2021 11:26:19: Audioman already exist, destroying self
 
(Filename: ./Runtime/Export/Debug/Debug.bindings.h Line: 39)

05/14/2021 11:26:19: Checking for installed DLCs
 
(Filename: ./Runtime/Export/Debug/Debug.bindings.h Line: 39)

05/14/2021 11:26:19: DLC:beta installed:False
 
(Filename: ./Runtime/Export/Debug/Debug.bindings.h Line: 39)


Unloading 548 unused Assets to reduce memory usage. Loaded Objects now: 87340.
Total: 54.398085 ms (FindLiveObjects: 2.928718 ms CreateObjectMapping: 7.373216 ms MarkObjects: 41.075632 ms  DeleteObjects: 3.020075 ms)

05/14/2021 11:26:21: Zonesystem Start 4439
 
(Filename: ./Runtime/Export/Debug/Debug.bindings.h Line: 39)

05/14/2021 11:26:21: DungeonDB Start 4439
 
(Filename: ./Runtime/Export/Debug/Debug.bindings.h Line: 39)

05/14/2021 11:26:22: Load world creta
 
(Filename: ./Runtime/Export/Debug/Debug.bindings.h Line: 39)

05/14/2021 11:26:22:   missing /home/alejandro/.config/unity3d/IronGate/Valheim/worlds/creta.db
 
(Filename: ./Runtime/Export/Debug/Debug.bindings.h Line: 39)

05/14/2021 11:26:22: Generating locations
 
(Filename: ./Runtime/Export/Debug/Debug.bindings.h Line: 39)

05/14/2021 11:26:22: Checking for location duplicates
 
(Filename: ./Runtime/Export/Debug/Debug.bindings.h Line: 39)

05/14/2021 11:26:26: Failed to place all FireHole, placed 157 out of 200
 
(Filename: ./Runtime/Export/Debug/Debug.bindings.h Line: 39)

05/14/2021 11:26:56:  Done generating locations, duration:34020.301 ms
 
(Filename: ./Runtime/Export/Debug/Debug.bindings.h Line: 39)

05/14/2021 11:26:56: Starting respawn
 
(Filename: ./Runtime/Export/Debug/Debug.bindings.h Line: 39)

05/14/2021 11:27:05: tip:$loadscreen_tip07
 
(Filename: ./Runtime/Export/Debug/Debug.bindings.h Line: 39)

05/14/2021 11:27:06: Force generaeting hmap (-128.0, 0.0, 0.0)
 
(Filename: ./Runtime/Export/Debug/Debug.bindings.h Line: 39)

05/14/2021 11:27:06: Placed locations in zone -2,0  duration 21.891 ms
 
(Filename: ./Runtime/Export/Debug/Debug.bindings.h Line: 39)

05/14/2021 11:27:06: Setting up valkyrie 
 
(Filename: ./Runtime/Export/Debug/Debug.bindings.h Line: 39)

05/14/2021 11:27:06: Show intro 4447
 
(Filename: ./Runtime/Export/Debug/Debug.bindings.h Line: 39)

05/14/2021 11:27:06: Show text YOU DIED:Long ago, the Allfather Odin united the worlds. He threw down his foes and cast them into the tenth world, then split the boughs that held their prison to the World-Tree, and left it to drift unanchored, a place of exile…



For centuries, this world slumbered uneasily. But it did not die... As glacial ages passed, kingdoms rose and fell out of sight of the gods.



When Odin heard his enemies were growing once again in strength, he looked to Midgard and sent his Valkyries to scour the battlefields for the greatest of their warriors. Dead to the world, they would be born again…



…in VALHEIM!
 
(Filename: ./Runtime/Export/Debug/Debug.bindings.h Line: 39)

05/14/2021 11:27:06: World pos (-654.7, 190.0, 604.4)   (-654.5, 189.4, 604.3)
 
(Filename: ./Runtime/Export/Debug/Debug.bindings.h Line: 39)

05/14/2021 11:27:06: Minimap: Adding unique location (-129.2, 56.5, 1.2)
 
(Filename: ./Runtime/Export/Debug/Debug.bindings.h Line: 39)

05/14/2021 11:27:48: Spawned Fish3 x 2
 
(Filename: ./Runtime/Export/Debug/Debug.bindings.h Line: 39)

05/14/2021 11:27:50: UI Group status changed MenuRoot = True
 
(Filename: ./Runtime/Export/Debug/Debug.bindings.h Line: 39)

05/14/2021 11:27:52: Spawned Fish3 x 1
 
(Filename: ./Runtime/Export/Debug/Debug.bindings.h Line: 39)

05/14/2021 11:27:53: UI Group status changed MenuRoot = False
 
(Filename: ./Runtime/Export/Debug/Debug.bindings.h Line: 39)

05/14/2021 11:27:54: FOund selected Button_no
 
(Filename: ./Runtime/Export/Debug/Debug.bindings.h Line: 39)

05/14/2021 11:27:54: UI Group status changed MenuRoot = True
 
(Filename: ./Runtime/Export/Debug/Debug.bindings.h Line: 39)

05/14/2021 11:27:55: UI Group status changed MenuRoot = False
 
(Filename: ./Runtime/Export/Debug/Debug.bindings.h Line: 39)

05/14/2021 11:27:55: ZNet Shutdown
 
(Filename: ./Runtime/Export/Debug/Debug.bindings.h Line: 39)

05/14/2021 11:27:55: clone 3
 
(Filename: ./Runtime/Export/Debug/Debug.bindings.h Line: 39)

05/14/2021 11:27:55: Saved 321 zdos
 
(Filename: ./Runtime/Export/Debug/Debug.bindings.h Line: 39)

05/14/2021 11:27:55: World saved ( 14.803ms )
 
(Filename: ./Runtime/Export/Debug/Debug.bindings.h Line: 39)

05/14/2021 11:27:55: Sending disconnect msg
 
(Filename: ./Runtime/Export/Debug/Debug.bindings.h Line: 39)

05/14/2021 11:27:55: FOund selected Button_yes
 
(Filename: ./Runtime/Export/Debug/Debug.bindings.h Line: 39)

05/14/2021 11:27:55: Local player destroyed
 
(Filename: ./Runtime/Export/Debug/Debug.bindings.h Line: 39)

05/14/2021 11:27:55: Destroying valkyrie
 
(Filename: ./Runtime/Export/Debug/Debug.bindings.h Line: 39)

Unloading 6 Unused Serialized files (Serialized files now loaded: 0)
05/14/2021 11:27:56: ZNet OnDestroy
 
(Filename: ./Runtime/Export/Debug/Debug.bindings.h Line: 39)

05/14/2021 11:27:56: Net scene destroyed
 
(Filename: ./Runtime/Export/Debug/Debug.bindings.h Line: 39)

UnloadTime: 675.965759 ms
Only custom filters can be played. Please add a custom filter or an audioclip to the audiosource (Amb_MainMenu). 
(Filename:  Line: 516)

05/14/2021 11:27:57: Valheim version:0.153.2
 
(Filename: ./Runtime/Export/Debug/Debug.bindings.h Line: 39)

05/14/2021 11:27:57: Render threading mode:MultiThreaded
 
(Filename: ./Runtime/Export/Debug/Debug.bindings.h Line: 39)

05/14/2021 11:27:57: Steam initialized, persona:dahko
 
(Filename: ./Runtime/Export/Debug/Debug.bindings.h Line: 39)

05/14/2021 11:27:57: Audioman already exist, destroying self
 
(Filename: ./Runtime/Export/Debug/Debug.bindings.h Line: 39)

05/14/2021 11:27:57: Checking for installed DLCs
 
(Filename: ./Runtime/Export/Debug/Debug.bindings.h Line: 39)

05/14/2021 11:27:57: DLC:beta installed:False
 
(Filename: ./Runtime/Export/Debug/Debug.bindings.h Line: 39)


Unloading 587 unused Assets to reduce memory usage. Loaded Objects now: 87005.
Total: 64.711889 ms (FindLiveObjects: 3.063139 ms CreateObjectMapping: 7.092306 ms MarkObjects: 50.053153 ms  DeleteObjects: 4.502238 ms)

05/14/2021 11:27:59: UI Group status changed Menu = True
 
(Filename: ./Runtime/Export/Debug/Debug.bindings.h Line: 39)

05/14/2021 12:24:08: Steam manager on destroy
 
(Filename: ./Runtime/Export/Debug/Debug.bindings.h Line: 39)

